<?xml version="1.0" encoding="UTF-8"?>
<!-- Generated by org.testng.reporters.JUnitXMLReporter -->
<testsuite hostname="DESKTOP-ESSUESJ" ignored="0" name="RestAPITest" tests="3" failures="0" timestamp="14 Feb 2023 10:11:22 GMT" time="4.248" errors="0">
  <testcase name="checkResponseBody" time="0.015" classname="amp.api.testcases.Test001_Get_All_Persons"/>
  <testcase name="checkResponseTime" time="0.0" classname="amp.api.testcases.Test001_Get_All_Persons"/>
  <testcase name="checkStatusCode" time="0.0" classname="amp.api.testcases.Test001_Get_All_Persons"/>
</testsuite> <!-- RestAPITest -->
