<?xml version="1.0" encoding="UTF-8"?>
<testng-results skipped="0" failed="0" ignored="0" total="3" passed="3">
  <reporter-output>
  </reporter-output>
  <suite name="RestAPITestSuite" duration-ms="4248" started-at="2023-02-14T10:11:17Z" finished-at="2023-02-14T10:11:22Z">
    <groups>
    </groups>
    <test name="RestAPITest" duration-ms="4248" started-at="2023-02-14T10:11:17Z" finished-at="2023-02-14T10:11:22Z">
      <class name="amp.api.testcases.Test001_Get_All_Persons">
        <test-method status="PASS" signature="setup()[pri:0, instance:amp.api.testcases.Test001_Get_All_Persons@5afa04c]" name="setup" is-config="true" duration-ms="283" started-at="2023-02-14T10:11:17Z" finished-at="2023-02-14T10:11:18Z">
          <reporter-output>
          </reporter-output>
        </test-method> <!-- setup -->
        <test-method status="PASS" signature="getAllPersons()[pri:0, instance:amp.api.testcases.Test001_Get_All_Persons@5afa04c]" name="getAllPersons" is-config="true" duration-ms="3808" started-at="2023-02-14T10:11:18Z" finished-at="2023-02-14T10:11:22Z">
          <reporter-output>
          </reporter-output>
        </test-method> <!-- getAllPersons -->
        <test-method status="PASS" signature="checkResponseBody()[pri:0, instance:amp.api.testcases.Test001_Get_All_Persons@5afa04c]" name="checkResponseBody" duration-ms="15" started-at="2023-02-14T10:11:22Z" finished-at="2023-02-14T10:11:22Z">
          <reporter-output>
          </reporter-output>
        </test-method> <!-- checkResponseBody -->
        <test-method status="PASS" signature="tearDown()[pri:0, instance:amp.api.testcases.Test001_Get_All_Persons@5afa04c]" name="tearDown" is-config="true" duration-ms="0" started-at="2023-02-14T10:11:22Z" finished-at="2023-02-14T10:11:22Z">
          <reporter-output>
          </reporter-output>
        </test-method> <!-- tearDown -->
        <test-method status="PASS" signature="checkStatusCode()[pri:0, instance:amp.api.testcases.Test001_Get_All_Persons@5afa04c]" name="checkStatusCode" duration-ms="0" started-at="2023-02-14T10:11:22Z" finished-at="2023-02-14T10:11:22Z">
          <reporter-output>
          </reporter-output>
        </test-method> <!-- checkStatusCode -->
        <test-method status="PASS" signature="checkResponseTime()[pri:0, instance:amp.api.testcases.Test001_Get_All_Persons@5afa04c]" name="checkResponseTime" duration-ms="0" started-at="2023-02-14T10:11:22Z" finished-at="2023-02-14T10:11:22Z">
          <reporter-output>
          </reporter-output>
        </test-method> <!-- checkResponseTime -->
      </class> <!-- amp.api.testcases.Test001_Get_All_Persons -->
    </test> <!-- RestAPITest -->
  </suite> <!-- RestAPITestSuite -->
</testng-results>
