<?xml version="1.0" encoding="UTF-8"?>
<testsuite xmlns:xsi="http://www.w3.org/2001/XMLSchema-instance" xsi:noNamespaceSchemaLocation="https://maven.apache.org/surefire/maven-surefire-plugin/xsd/surefire-test-report.xsd" name="TestSuite" time="4.751" tests="3" errors="0" skipped="0" failures="0">
  <properties>
[...]
</properties>
  <testcase name="checkResponseBody" classname="amp.api.testcases.Test001_Get_All_Persons" time="0.015"/>
  <testcase name="checkResponseTime" classname="amp.api.testcases.Test001_Get_All_Persons" time="0"/>
  <testcase name="checkStatusCode" classname="amp.api.testcases.Test001_Get_All_Persons" time="0"/>
</testsuite>