<?xml version="1.0" encoding="UTF-8"?>
<!-- Generated by org.testng.reporters.JUnitXMLReporter -->
<testsuite hostname="DESKTOP-ESSUESJ" ignored="0" name="RestAPITest" tests="3" failures="0" timestamp="2023-02-14T15:40:50 IST" time="4.3" errors="0">
  <testcase name="checkResponseBody" time="0.022" classname="amp.api.testcases.Test001_Get_All_Persons"/>
  <testcase name="checkResponseTime" time="0.002" classname="amp.api.testcases.Test001_Get_All_Persons"/>
  <testcase name="checkStatusCode" time="0.0" classname="amp.api.testcases.Test001_Get_All_Persons"/>
</testsuite> <!-- RestAPITest -->
